          _____                   _______                   _____          
         /\    \                 /::\    \                 /\    \         
        /::\    \               /::::\    \               /::\    \        
       /::::\    \             /::::::\    \             /::::\    \       
      /::::::\    \           /::::::::\    \           /::::::\    \      
     /:::/\:::\    \         /:::/~~\:::\    \         /:::/\:::\    \     
    /:::/__\:::\    \       /:::/    \:::\    \       /:::/__\:::\    \    
   /::::\   \:::\    \     /:::/    / \:::\    \      \:::\   \:::\    \   
  /::::::\   \:::\    \   /:::/____/   \:::\____\   ___\:::\   \:::\    \  
 /:::/\:::\   \:::\    \ |:::|    |     |:::|    | /\   \:::\   \:::\    \ 
/:::/  \:::\   \:::\____\|:::|____|     |:::|    |/::\   \:::\   \:::\____\
\::/    \:::\  /:::/    / \:::\    \   /:::/    / \:::\   \:::\   \::/    /
 \/____/ \:::\/:::/    /   \:::\    \ /:::/    /   \:::\   \:::\   \/____/ 
          \::::::/    /     \:::\    /:::/    /     \:::\   \:::\    \     
           \::::/    /       \:::\__/:::/    /       \:::\   \:::\____\    
           /:::/    /         \::::::::/    /         \:::\  /:::/    /    
          /:::/    /           \::::::/    /           \:::\/:::/    /     
         /:::/    /             \::::/    /             \::::::/    /      
        /:::/    /               \::/____/               \::::/    /       
        \::/    /                 ~~                      \::/    /        
         \/____/                                           \/____/         
                                                                           
Welcome to AOS: Your operating system for AO, the decentralized open access supercomputer.
Type ".load-blueprint chat" to join the community chat and ask questions!
